0
0
0
0
0
0
0
0
0
0
0
0
0
0
0
0
0
0
0
0
0
0
0
0
1
0
0
0
0
0
0
0
1
2
0
0
5
0
0
0
0
1
0
0
0
0
0
1
0
0
0
0
1
0
0
0
0
0
0
0
0
0
0
0
0
0
0
0
0
0
0
0
0
0
0
0
0
0
0
0
0
0
0
0
0
0
0
0
0
0
4
6
4
6
3
6
1
1
19
4
6
3
1
16
3
6
5
3
2
5
8
11
0
10
4
3
7
9
1
0
0
0
0
0
0
0
0
0
0
0
0
0
0
0
0
0
0
0
0
0
0
0
0
0
0
0
0
0
0
0
0
1
0
1
1
1
1
6
1
1
0
0
1
14
1
0
0
0
0
0
0
1
0
0
0
0
2
0
1
0
1
2
0
0
0
0
0
0
0
0
1
0
1
1
0
7
1
1
0
0
3
0
2
2
1
1
0
2
1
0
1
1
1
0
0
2
1
1
4
6
0
1
0
0
1
1
7
0
7
0
6
3
0
2
4
0
5
5
1
0
0
1
0
6
5
2
0
0
0
6
1
1
0
0
0
0
2
2
1
0
4
1
2
2
3
2
1
2
1
2
1
3
1
4
2
3
2
0
5
4
1
1
20
3
1
1
0
0
5
1
0
0
4
4
3
5
6
2
4
1
0
0
1
15
0
1
0
1
1
5
0
5
7
3
0
0
1
3
0
2
7
2
3
9
1
2
4
2
1
0
1
2
9
1
1
0
3
3
3
2
4
0
2
5
4
0
1
22
0
3
1
2
1
0
0
1
0
0
2
2
1
1
1
0
1
1
1
6
0
0
2
7
0
0
1
8
1
3
3
0
2
0
0
1
2
6
3
1
3
1
10
5
9
5
2
2
1
2
5
4
1
2
0
0
7
1
2
1
0
9
3
0
2
4
0
1
9
4
1
9
2
0
7
8
1
4
0
1
0
2
0
6
5
1
0
3
1
3
8
2
2
1
3
1
1
5
1
2
2
0
1
4
1
13
0
3
6
4
12
6
1
3
1
0
2
1
11
10
5
0
1
3
1
1
7
4
1
1
3
0
4
12
1
2
1
6
5
5
5
15
3
1
0
6
1
2
4
1
5
1
6
0
12
10
6
18
1
4
5
2
4
0
4
2
1
6
2
3
0
1
3
6
12
3
5
1
1
0
0
5
2
2
1
4
2
0
5
0
0
1
3
3
11
3
1
2
1
1
8
0
5
8
0
0
1
1
6
9
3
2
4
2
7
6
1
2
1
0
1
1
1
0
7
4
2
11
5
22
8
0
5
5
2
1
2
0
8
3
0
7
2
1
0
5
3
3
6
4
3
2
5
1
2
4
2
6
3
10
9
0
7
5
1
1
2
1
7
3
1
4
8
4
7
9
1
3
1
1
1
9
15
4
7
2
2
15
1
2
2
7
4
3
1
2
1
6
3
1
14
5
8
4
4
0
3
1
3
4
3
6
3
2
3
5
17
15
2
4
2
0
2
0
3
1
4
2
1
1
12
17
1
0
4
4
12
0
0
1
0
3
5
6
2
5
5
10
10
4
4
6
1
0
3
10
0
12
1
2
14
0
8
4
11
8
0
1
8
1
17
8
3
12
7
3
0
2
3
0
3
10
1
11
4
3
7
10
1
1
2
5
3
1
2
5
2
3
3
2
8
4
6
1
5
11
5
2
11
9
2
0
1
3
8
9
4
8
7
1
5
6
2
4
6
6
10
5
13
7
3
7
9
6
1
1
4
1
0
3
1
6
13
17
25
5
0
1
5
3
1
1
8
1
2
2
4
1
7
6
0
4
5
5
7
5
15
2
1
11
1
1
6
10
4
6
2
5
5
1
4
2
4
15
1
3
12
4
2
3
2
11
7
0
0
4
3
3
2
4
3
5
1
0
10
59
3
18
0
5
0
1
2
7
7
0
2
1
2
1
1
2
1
8
4
13
11
3
3
12
8
10
0
5
3
1
2
5
4
5
3
10
3
0
2
10
9
1
15
2
1
1
0
1
7
7
14
0
8
5
3
11
7
9
7
13
6
11
1
1
11
5
5
12
11
5
2
2
1
13
0
6
11
5
0
7
2
2
5
3
5
30
7
9
3
5
3
16
9
9
3
1
12
4
2
6
11
6
1
16
7
22
9
0
0
5
4
1
13
7
6
5
6
6
2
2
3
12
1
2
2
9
6
3
0
7
10
3
5
4
13
12
29
0
4
4
9
9
6
23
13
0
6
4
2
0
1
0
0
2
2
3
4
3
4
3
6
9
22
9
2
8
7
0
2
4
1
0
0
6
20
16
4
2
1
5
8
17
12
4
7
4
2
4
3
29
1
4
8
3
8
2
23
2
43
11
5
4
2
7
14
8
16
4
2
1
5
15
2
3
5
3
6
8
80
0
7
7
13
2
1
10
12
2
1
13
7
7
2
6
6
9
9
0
3
2
8
2
1
4
4
9
2
2
7
18
2
9
7
7
12
7
2
10
2
4
4
2
2
2
12
7
2
3
3
6
0
2
9
8
4
12
0
16
2
1
5
19
11
22
0
5
10
1
25
5
0
4
17
6
6
3
0
7
10
4
2
23
11
8
5
21
4
3
8
1
1
12
10
4
2
14
5
1
43
8
5
17
20
4
14
15
11
9
12
1
7
3
0
0
10
16
21
8
0
1
12
12
0
4
9
3
2
8
4
4
5
2
2
10
3
2
4
1
6
11
18
0
5
3
1
3
5
12
8
11
5
5
3
11
2
7
10
13
3
8
6
7
7
4
12
2
19
2
11
15
10
22
1
8
5
2
4
2
7
5
0
15
8
3
2
11
16
20
1
9
4
1
30
2
3
5
2
5
3
6
15
9
1
13
3
11
1
8
4
2
3
1
14
6
2
27
4
1
7
7
2
9
1
5
3
8
2
23
1
15
2
4
12
3
11
8
6
6
6
7
4
11
5
14
5
4
7
3
5
0
8
2
8
12
20
11
8
5
4
1
5
2
0
0
9
12
8
6
3
10
2
5
2
1
4
10
3
4
2
4
13
1
5
2
4
6
13
4
29
4
1
1
5
6
4
4
15
4
2
13
7
21
6
7
5
3
17
11
7
7
25
6
2
14
19
6
7
6
13
4
13
1
3
7
9
4
8
3
4
1
8
12
7
5
4
10
3
14
11
4
1
12
8
5
18
5
7
6
2
1
9
1
1
1
6
6
32
3
3
9
5
7
2
10
24
20
1
3
5
4
16
19
1
6
6
4
5
3
4
18
14
8
8
8
4
0
2
6
9
17
3
3
4
7
0
10
3
2
2
6
4
4
6
14
1
9
4
7
7
35
11
11
3
13
8
4
2
1
6
5
10
4
6
3
12
1
9
23
11
4
10
1
5
5
6
1
1
2
12
0
8
0
12
2
16
8
22
14
10
4
3
5
6
20
15
6
16
12
13
9
16
0
14
2
9
3
2
2
4
3
12
4
7
4
5
0
11
9
6
1
0
8
6
3
11
19
10
31
3
11
4
3
22
1
5
9
4
3
10
4
10
11
4
5
6
10
2
3
6
1
2
4
2
3
1
2
2
0
11
6
6
3
0
2
20
16
3
9
7
3
3
6
11
13
12
17
4
13
7
11
7
7
4
1
18
15
10
6
11
6
23
6
7
6
3
1
3
33
3
9
10
0
6
1
7
35
25
8
8
6
2
8
2
2
18
6
10
11
5
9
14
10
2
3
23
9
5
5
13
16
1
14
8
6
13
4
11
10
9
8
3
6
19
7
7
7
4
8
7
6
20
5
14
7
7
5
15
3
5
23
7
1
4
26
5
5
10
27
6
4
6
9
3
11
7
1
3
6
6
7
6
8
4
3
9
11
6
1
10
4
3
2
4
3
12
3
1
12
5
8
9
1
13
2
3
2
5
16
3
4
13
4
3
16
3
13
25
3
7
11
17
24
3
12
9
3
5
12
1
6
14
4
14
36
16
1
8
11
4
11
26
2
23
24
5
4
1
7
4
14
2
2
6
1
11
4
17
0
6
2
8
11
23
2
23
3
9
6
2
5
8
11
2
5
1
5
5
21
3
15
14
8
9
9
31
7
8
7
6
12
11
8
7
8
3
19
6
13
4
12
8
25
18
15
17
7
2
4
27
13
15
4
5
4
1
18
5
24
19
6
6
8
24
10
13
5
7
7
11
11
2
5
39
6
3
3
2
19
8
9
7
12
4
10
12
3
1
6
9
15
20
6
1
16
18
17
6
8
14
4
11
3
12
5
22
10
4
17
2
8
1
0
14
9
28
5
18
11
22
14
19
6
6
15
10
8
7
9
5
5
13
6
18
3
7
8
23
4
3
4
25
31
8
20
1
2
11
22
12
15
19
6
8
11
9
6
6
5
8
2
9
1
11
4
32
10
7
1
20
7
4
10
11
11
1
9
12
8
21
1
4
14
8
24
10
5
8
8
13
37
12
2
6
7
22
3
11
36
7
19
5
4
11
4
2
10
23
6
11
4
11
20
5
18
8
26
11
22
4
21
7
11
13
12
1
8
6
6
5
7
7
8
9
13
4
5
7
13
8
13
3
5
11
7
3
8
6
1
9
16
4
11
17
8
6
1
10
17
27
9
32
6
10
20
1
5
20
13
15
0
8
0
17
14
15
12
33
4
7
48
5
6
3
8
7
4
5
7
4
10
40
20
2
30
2
6
19
4
3
4
16
4
27
7
6
7
0
14
16
6
23
5
6
12
3
6
19
4
4
4
18
18
13
16
20
24
19
7
30
11
25
30
7
3
17
9
5
0
7
25
8
9
5
7
18
6
4
8
15
1
25
11
8
8
5
10
18
15
8
37
6
8
18
8
10
2
10
11
0
25
11
12
18
8
9
6
8
13
18
9
14
24
10
6
2
5
8
4
10
4
0
2
9
4
10
5
4
13
37
27
15
1
23
11
4
3
4
6
23
22
4
4
9
13
19
9
4
13
12
1
1
24
17
15
3
29
11
6
27
4
7
7
28
3
7
4
7
7
11
22
7
4
7
17
10
0
14
14
5
36
3
9
26
10
6
19
5
5
27
6
35
3
5
16
7
1
13
20
1
0
72
2
5
9
23
50
11
7
11
11
8
15
3
6
29
10
8
22
8
8
23
6
29
24
16
6
6
16
14
2
1
8
6
2
10
3
13
16
14
5
9
26
26
13
11
8
21
14
5
3
11
6
4
3
35
11
34
8
15
7
4
9
5
5
19
3
21
5
8
3
14
6
12
5
14
15
3
2
16
8
8
67
20
14
1
10
51
6
8
25
9
2
10
42
14
12
21
11
5
3
16
5
13
3
31
15
6
19
4
14
24
11
41
2
12
0
42
2
4
31
9
2
17
15
30
7
9
21
14
3
2
28
5
2
22
14
7
12
15
8
29
6
5
8
4
18
9
40
9
3
15
25
17
17
8
31
2
4
11
22
12
7
7
17
2
49
4
17
15
4
23
10
10
8
13
9
4
29
7
3
12
8
18
9
13
12
10
9
22
17
8
26
15
4
4
4
7
2
35
18
8
13
5
21
5
12
5
2
11
3
13
26
10
33
5
1
13
2
3
21
7
6
14
11
15
9
43
14
12
11
8
15
16
19
6
3
9
1
4
7
1
5
19
6
11
8
36
16
6
2
10
9
21
22
16
6
34
5
18
11
6
8
17
14
7
32
41
26
14
8
49
23
40
42
8
13
8
9
9
19
26
16
5
36
33
11
27
7
4
6
20
10
19
12
44
10
9
11
21
21
19
20
23
6
20
15
5
3
2
12
23
12
12
6
19
5
22
14
9
28
13
10
4
8
27
12
11
15
19
6
27
36
15
17
23
12
7
3
13
19
18
5
10
9
7
34
23
11
29
18
6
19
20
11
18
12
5
3
47
17
20
21
8
17
3
27
58
9
11
23
53
14
22
21
10
11
12
18
7
10
41
10
18
11
10
4
10
15
20
24
9
20
30
31
9
11
4
7
15
2
11
3
21
13
33
28
15
10
6
1
20
4
7
4
7
6
19
34
14
15
14
5
21
18
7
16
21
9
19
5
13
23
11
33
11
15
20
10
11
13
3
19
38
21
8
2
3
50
13
7
13
16
4
37
25
3
1
3
6
13
5
17
13
6
6
9
2
11
19
4
17
9
15
2
11
8
7
33
24
25
2
15
12
15
13
14
4
12
17
25
10
6
32
23
9
6
7
1
10
2
12
17
4
4
10
11
7
13
33
10
27
40
15
23
12
19
21
2
5
19
10
11
28
28
20
11
7
29
21
32
4
8
3
16
53
15
10
8
8
6
4
12
7
13
44
11
36
26
18
10
26
6
11
13
14
9
24
15
15
28
17
8
2
22
8
33
19
13
9
9
9
20
40
5
13
7
11
7
6
8
14
12
30
65
2
13
21
25
7
23
13
31
15
14
40
25
27
5
15
16
11
12
4
9
11
29
34
17
10
2
15
36
6
11
16
2
9
9
7
12
25
4
43
10
31
15
5
5
3
14
44
26
9
26
9
11
17
14
15
38
8
6
13
13
25
10
17
4
16
9
68
30
3
16
7
8
4
19
7
11
11
6
14
20
7
12
12
9
31
5
12
7
10
30
6
31
13
6
3
13
19
16
19
30
16
6
14
6
11
16
7
34
17
3
1
28
2
25
4
15
5
25
5
13
17
30
15
16
6
18
3
32
11
2
9
12
11
38
5
9
7
47
19
14
17
34
40
16
22
5
13
2
15
17
4
26
19
24
12
3
48
17
5
7
39
20
17
4
4
9
19
10
19
13
18
14
13
12
8
26
24
14
3
11
9
18
9
5
33
25
58
6
29
21
10
13
49
34
21
16
26
31
6
10
19
15
18
18
35
14
19
15
9
16
9
9
11
8
6
17
8
8
6
5
12
50
14
7
8
4
22
23
15
19
8
8
7
6
29
12
19
25
4
10
20
11
13
20
20
33
17
40
31
5
11
16
53
21
89
17
12
12
11
46
12
14
16
8
4
3
8
6
9
13
34
26
25
16
10
15
44
16
10
17
21
12
6
89
5
5
16
46
11
12
14
13
11
37
19
2
14
5
9
15
39
11
13
23
12
11
39
27
14
6
10
16
20
14
32
10
20
28
8
17
35
40
15
20
34
8
2
3
16
14
3
43
15
9
7
7
36
21
20
35
18
16
13
33
8
9
17
21
31
15
57
15
23
24
37
42
13
12
15
10
31
15
29
8
9
22
21
12
31
21
8
22
24
25
14
27
13
21
13
35
13
20
15
13
16
35
18
12
9
21
14
34
25
22
16
8
10
28
30
24
14
10
16
12
22
21
65
36
24
13
34
1
9
13
16
21
8
15
7
21
7
53
11
16
13
39
30
10
69
19
13
19
4
7
8
29
7
15
22
27
15
46
42
7
7
22
26
11
18
12
31
14
8
26
19
16
23
36
3
23
20
13
27
24
9
6
13
18
23
15
16
8
6
14
27
57
21
22
13
12
10
15
14
17
9
13
9
19
2
7
18
13
13
12
15
14
8
31
18
12
8
24
20
47
13
14
26
19
6
9
7
24
19
15
26
18
7
18
24
8
43
13
6
39
29
8
48
10
9
13
51
7
30
14
17
24
31
4
15
12
14
14
21
41
2
6
13
19
18
9
38
7
29
10
6
22
21
31
8
30
4
21
14
26
13
20
18
8
32
17
21
8
16
17
14
5
77
33
1
17
14
14
6
21
16
13
17
30
23
45
17
6
4
5
21
14
17
11
21
24
16
19
10
34
10
19
27
22
27
10
31
13
30
10
30
47
6
37
12
12
8
16
13
14
26
7
23
10
6
23
6
25
7
0
26
11
18
19
29
21
33
30
44
4
24
5
40
8
36
38
11
11
18
20
22
13
42
5
5
24
14
24
18
8
18
20
38
21
16
11
30
35
12
14
21
17
15
5
13
7
43
16
23
27
34
8
14
3
13
25
21
35
3
14
8
18
14
22
13
26
19
19
47
42
44
25
35
6
24
12
32
30
4
34
23
17
5
9
27
15
8
32
24
50
5
39
7
5
14
57
10
33
21
33
19
33
7
18
11
27
38
9
44
15
36
44
7
18
41
12
15
20
15
13
21
18
17
28
12
52
4
17
20
15
7
27
9
36
16
11
11
30
2
42
29
12
25
15
2
20
45
9
25
24
6
11
16
30
8
6
44
19
15
8
22
37
11
48
23
31
9
22
8
11
58
35
17
50
33
18
21
20
10
26
11
9
31
14
16
12
5
5
16
41
19
22
40
31
19
5
22
19
21
4
8
14
9
30
31
8
4
11
6
18
31
18
22
60
21
25
8
13
12
21
20
3
69
34
32
26
5
25
12
10
6
12
82
11
23
32
23
17
23
23
35
22
21
8
28
18
52
62
28
6
6
31
27
31
7
18
6
4
12
14
5
15
19
32
6
28
32
32
26
25
2
18
73
20
17
16
25
26
19
6
17
30
58
15
22
41
2
23
26
3
23
41
22
65
13
12
17
22
19
27
11
37
7
9
2
6
11
8
15
17
25
36
22
50
36
15
15
33
14
30
40
7
11
17
25
29
2
19
42
9
14
49
32
15
32
17
8
18
5
17
17
11
24
34
41
13
39
14
47
14
27
17
11
8
33
9
12
19
27
10
23
27
33
44
8
33
17
10
9
15
15
32
20
20
34
5
52
19
12
24
8
9
18
36
24
38
22
47
16
26
7
37
16
5
2
18
29
27
34
54
52
67
10
18
63
9
28
33
8
17
15
24
16
21
20
18
16
11
19
12
13
22
65
6
12
50
10
2
18
24
22
10
29
43
42
7
16
39
14
34
9
21
12
21
30
36
26
32
15
7
14
10
14
33
25
8
57
40
16
20
28
25
31
17
24
7
23
7
112
18
23
3
20
37
12
3
41
24
23
29
25
25
26
26
7
23
6
12
22
13
7
12
13
38
24
31
39
18
16
16
19
36
36
21
60
11
14
14
11
33
42
6
37
25
17
30
21
24
24
14
6
13
23
20
28
20
9
51
36
17
21
3
22
14
33
15
11
41
13
12
11
26
24
24
29
21
6
9
15
23
8
2
2
14
5
51
10
20
18
24
10
46
25
23
34
26
31
28
77
11
21
13
28
74
4
20
10
9
35
24
18
14
18
12
9
13
27
23
60
16
31
37
45
61
10
19
72
40
18
36
19
42
24
36
45
25
14
8
7
21
32
16
19
7
13
31
0
40
60
24
43
47
25
23
23
9
21
18
24
15
37
26
25
41
48
21
43
30
17
19
6
19
12
57
56
24
31
36
8
16
17
26
39
4
20
14
49
23
20
14
11
15
16
23
38
13
13
34
37
18
5
13
48
32
24
11
12
9
10
9
34
19
25
16
51
20
15
21
15
61
24
23
23
46
13
56
16
25
39
8
59
30
39
49
9
7
30
47
37
25
32
8
34
21
54
19
7
16
13
6
14
20
22
47
15
5
9
22
36
23
18
73
13
50
27
22
66
6
52
66
21
28
18
81
67
39
13
25
61
16
17
17
39
10
55
18
12
45
25
23
12
41
20
11
21
46
43
14
70
19
26
21
29
5
28
35
42
9
50
14
18
27
14
16
4
31
8
9
7
15
18
14
15
3
52
35
11
53
27
54
21
37
18
54
41
31
6
37
14
22
38
18
22
60
12
35
39
7
21
6
16
11
38
18
45
10
12
15
21
42
22
13
27
36
16
11
16
17
30
50
26
34
30
24
87
16
26
17
13
24
22
14
18
30
11
9
14
40
18
19
19
2
9
16
7
52
5
34
10
7
17
9
17
10
42
27
43
11
25
15
23
100
44
26
24
11
25
9
34
5
15
64
55
61
20
19
14
18
21
8
88
19
10
23
18
24
17
65
47
28
48
7
27
8
7
35
24
7
19
33
41
4
30
77
35
47
87
36
30
47
49
21
12
34
25
36
30
36
36
22
12
9
32
34
11
21
30
11
27
26
8
16
9
52
17
26
5
5
21
7
20
55
8
45
16
10
38
42
11
23
41
28
2
61
16
27
7
11
12
18
20
58
31
20
47
17
29
11
41
15
5
38
27
36
22
14
53
31
21
32
45
5
20
14
31
30
50
20
8
26
18
12
11
59
24
24
10
11
29
44
14
38
22
11
50
21
24
25
38
13
34
66
50
20
7
30
41
27
33
39
39
73
6
17
37
46
18
18
11
58
19
39
45
44
24
17
22
25
22
32
27
43
19
55
11
6
40
42
24
25
20
43
5
17
47
32
91
8
7
17
5
11
4
20
10
12
30
8
18
38
20
19
11
10
15
30
14
26
55
41
12
13
11
4
34
1
57
20
31
22
7
18
71
18
14
17
31
29
20
17
10
50
35
15
33
25
9
15
94
41
90
5
5
20
8
13
24
23
36
9
36
28
36
28
18
32
9
10
33
26
12
23
62
12
22
59
19
39
12
44
47
17
36
11
32
41
42
102
9
14
32
31
42
31
16
22
10
25
37
25
28
28
24
61
4
46
4
17
17
16
14
39
42
11
18
12
11
55
16
14
31
22
13
37
54
18
5
26
8
9
19
24
37
26
42
28
39
17
16
17
12
25
29
11
16
34
49
39
21
63
14
16
10
50
12
37
20
32
32
20
15
39
43
24
10
10
23
15
55
7
38
69
10
32
24
27
42
8
126
44
86
17
12
24
18
27
40
70
13
15
22
15
30
33
26
88
87
75
10
30
9
22
28
24
35
20
37
39
7
5
22
17
21
23
30
34
3
59
21
53
23
37
18
39
15
34
24
29
29
9
37
94
9
37
9
27
45
27
18
26
31
64
8
25
38
2
20
33
29
27
43
82
100
20
21
11
16
52
38
20
9
11
16
20
42
24
20
23
51
35
40
13
76
24
22
6
61
9
17
69
33
23
14
11
23
21
27
19
82
33
25
13
30
42
43
59
39
11
23
17
51
23
6
39
46
45
17
35
18
34
18
17
26
23
39
9
34
7
48
49
20
20
54
21
23
15
46
12
34
40
25
26
12
81
91
23
9
38
17
29
38
25
15
10
23
22
10
39
53
9
41
23
36
39
12
27
36
29
28
28
32
17
32
33
23
15
24
29
7
12
43
12
26
21
68
22
20
27
47
44
9
27
24
32
17
66
23
12
13
99
26
24
43
37
11
26
54
8
19
10
92
49
20
6
52
89
24
29
84
9
18
78
72
42
20
34
47
43
23
29
12
17
38
37
22
11
12
15
6
22
20
7
13
18
26
94
33
15
55
14
24
29
59
20
13
74
10
24
18
45
31
48
27
54
26
27
7
26
50
41
19
32
38
17
20
8
20
32
14
55
11
21
20
29
24
50
17
48
30
19
41
31
28
33
22
43
54
10
15
27
30
54
23
17
6
52
57
58
16
21
22
9
63
7
62
6
71
73
42
35
24
33
41
22
24
6
6
39
9
16
25
17
13
32
91
31
10
81
20
30
36
34
50
16
34
35
63
38
18
22
48
38
25
50
16
43
60
23
14
5
78
38
40
89
46
13
30
11
16
25
66
27
11
19
22
28
25
16
13
36
16
30
36
27
130
10
47
31
12
23
50
39
6
32
15
12
19
17
35
34
18
18
7
65
22
66
18
62
40
40
84
32
44
82
5
39
14
29
28
55
32
22
26
57
10
59
12
17
8
48
50
42
28
49
46
30
22
31
17
40
23
30
67
14
42
91
20
35
20
31
43
24
95
46
29
6
41
33
106
26
24
47
27
17
64
30
28
15
59
23
27
29
37
6
29
19
14
41
17
24
23
50
30
105
31
36
28
38
14
32
48
41
58
26
21
34
56
34
46
9
55
16
18
36
46
49
30
50
14
37
22
19
22
5
51
77
29
29
15
36
98
8
8
39
56
59
21
38
50
35
28
51
25
78
34
25
24
63
20
36
39
17
28
54
37
67
18
39
8
44
14
13
21
35
49
31
23
29
38
34
74
5
25
34
53
43
23
36
30
20
33
17
19
26
53
48
23
36
26
36
57
53
18
39
48
64
16
20
39
46
45
27
58
52
32
3
9
5
18
50
23
35
21
39
24
35
40
17
28
5
35
30
39
33
46
54
51
46
48
36
58
30
15
10
32
29
38
32
19
37
26
12
41
18
51
25
53
22
24
26
20
11
46
16
61
45
26
36
14
21
32
8
61
17
21
22
64
44
10
19
37
77
42
31
100
69
34
21
35
33
55
15
48
16
27
23
58
18
43
55
23
44
10
67
21
106
36
33
51
28
32
19
37
63
35
36
47
20
10
99
30
58
50
35
10
40
29
56
17
86
21
17
20
12
27
7
54
56
44
21
62
8
28
46
14
39
7
16
39
25
28
31
54
59
43
11
103
29
45
23
16
58
26
27
62
5
70
51
28
44
21
56
27
51
45
27
37
76
69
49
26
60
70
11
50
46
37
16
11
5
15
21
28
22
39
20
74
17
58
30
11
9
24
52
36
47
74
16
22
9
15
76
16
18
41
40
4
38
14
64
32
14
92
13
16
7
9
23
93
86
82
24
24
36
26
44
55
43
20
83
25
33
8
40
50
13
56
47
58
54
33
34
116
41
32
37
8
39
35
81
24
115
58
26
37
32
34
61
46
34
16
23
67
20
21
10
23
21
38
72
55
47
37
20
95
69
9
48
21
35
59
43
19
30
25
75
41
64
55
37
45
25
70
13
38
7
32
67
14
29
33
5
50
18
63
72
22
42
14
10
47
44
71
18
37
27
47
54
24
19
28
31
50
59
68
23
84
45
35
19
47
37
20
90
73
90
103
56
28
39
38
38
63
20
3
57
81
38
81
45
27
6
8
43
9
10
27
46
31
33
14
9
70
47
44
12
29
59
26
25
34
23
34
35
38
15
58
43
35
28
19
104
21
46
102
32
16
40
37
17
36
49
57
19
16
69
36
45
25
50
72
49
43
16
50
21
46
59
24
31
91
12
111
54
56
51
25
6
13
82
28
34
10
29
18
24
42
23
21
45
12
37
70
57
18
18
29
31
60
37
49
31
40
24
32
33
31
38
40
7
17
43
59
9
7
24
97
81
97
27
43
23
26
20
47
32
3
99
17
32
46
45
72
36
20
14
33
17
28
57
100
53
63
29
55
19
21
37
46
50
33
56
36
18
64
38
26
19
40
11
37
26
50
45
32
6
88
34
10
46
27
44
99
51
42
36
42
89
43
25
31
64
51
23
19
20
16
36
39
87
28
13
32
47
51
46
148
8
28
15
54
55
70
36
46
45
106
25
10
66
39
26
31
45
41
34
47
22
31
76
76
11
44
45
36
41
25
46
58
13
14
29
18
28
57
30
66
11
102
18
46
122
70
9
22
85
36
30
70
124
58
8
29
75
81
36
36
38
21
30
44
54
18
9
49
25
15
61
16
66
35
22
52
41
80
21
61
22
41
42
58
37
76
41
48
46
84
24
48
23
20
49
31
27
23
17
37
32
19
28
63
42
24
19
97
21
59
23
43
15
13
65
95
60
71
99
50
65
56
30
27
31
100
108
48
63
34
40
78
17
66
56
104
112
25
33
82
88
65
34
18
43
8
41
42
79
36
12
27
146
25
13
51
81
41
85
51
40
15
19
56
41
87
82
55
53
21
20
25
23
22
59
8
18
19
63
105
36
33
40
64
44
34
38
50
57
39
50
112
15
14
50
62
38
155
30
81
77
36
54
76
18
19
23
33
55
102
23
25
59
25
34
149
62
82
37
33
34
23
21
15
45
43
52
61
26
27
11
30
35
19
40
35
61
18
22
97
29
57
30
46
42
91
41
43
44
46
39
50
27
61
20
53
14
90
13
82
43
53
22
109
45
31
67
65
13
50
63
59
46
58
24
27
41
37
30
59
82
19
46
27
26
27
16
42
20
58
61
68
57
30
24
96
20
35
25
99
25
31
10
13
70
40
11
25
75
79
27
70
51
25
37
108
49
31
52
58
81
20
57
18
41
28
26
52
16
89
36
55
40
37
40
55
20
38
93
52
29
74
64
10
32
22
65
37
30
50
18
37
46
70
19
29
62
38
46
43
65
44
31
34
11
57
88
42
139
16
99
28
100
32
65
81
69
53
43
70
30
83
54
11
31
51
23
57
29
121
33
16
17
85
115
51
24
113
29
22
76
63
65
22
75
53
66
56
52
43
36
7
20
93
67
66
48
19
91
36
48
42
30
53
18
14
60
42
22
80
11
68
53
76
63
51
46
104
26
96
97
103
72
27
31
53
15
18
69
51
39
41
83
31
41
62
15
43
34
20
10
9
33
71
46
24
52
26
62
73
106
23
17
42
45
66
59
63
101
38
43
51
36
48
30
70
15
42
58
31
27
99
81
47
55
38
28
121
18
74
64
105
31
25
55
79
48
56
71
68
19
98
106
63
56
90
110
22
48
18
91
150
44
72
26
93
7
54
27
91
30
180
72
50
56
24
45
13
68
41
20
24
25
29
31
20
35
128
101
118
65
62
30
77
47
110
37
40
10
74
35
17
24
25
66
38
26
112
12
127
33
49
100
69
14
40
89
53
36
76
77
46
40
2
49
51
59
26
11
41
28
17
35
65
47
48
64
31
50
41
133
41
31
43
33
67
42
27
41
77
62
209
47
24
111
16
108
65
153
139
56
37
80
72
12
23
45
50
57
19
38
81
45
57
28
19
47
21
64
47
15
26
56
20
27
17
97
125
63
40
38
45
93
40
48
49
47
57
37
39
19
18
52
29
38
16
24
118
16
121
32
41
65
22
46
42
36
33
32
54
20
111
92
95
81
47
39
34
228
53
28
116
52
197
54
32
54
71
109
16
54
35
10
102
30
42
8
65
54
39
147
23
52
23
28
40
58
56
71
28
9
32
23
109
82
48
35
42
55
30
117
131
64
46
36
58
84
15
70
49
55
22
65
75
56
60
54
76
95
22
52
84
60
27
38
66
73
21
120
112
76
116
60
120
123
8
87
101
59
21
51
99
50
80
88
46
12
110
37
26
67
100
104
73
57
26
133
40
40
37
15
27
56
36
27
104
54
81
13
68
157
89
50
68
24
17
40
71
80
69
45
136
22
58
10
130
68
100
9
73
79
42
72
102
36
192
59
22
27
72
55
33
110
17
63
43
134
30
91
35
99
13
110
28
167
74
88
35
33
25
40
103
43
52
95
27
66
62
81
21
242
88
28
13
57
143
106
63
60
75
45
13
101
45
137
148
59
74
74
31
84
41
38
46
83
29
30
92
122
148
122
34
39
41
46
49
9
50
64
90
71
71
79
57
119
61
57
27
78
85
59
34
153
22
44
99
73
15
55
104
107
148
150
33
121
47
75
47
47
65
39
49
18
82
54
31
60
69
49
94
113
70
34
60
36
63
40
54
60
66
134
87
60
48
160
79
61
76
13
142
50
43
20
30
31
32
56
71
75
23
115
26
61
37
183
37
109
95
28
42
56
110
57
40
34
87
65
27
64
63
125
66
32
188
30
49
30
37
31
55
65
54
49
71
25
32
78
53
70
86
74
183
37
26
119
110
94
55
70
29
173
34
25
50
145
128
27
37
81
77
49
56
17
30
139
29
65
65
28
177
24
104
73
26
51
89
59
65
69
91
77
101
39
71
179
43
51
52
29
42
28
33
78
73
112
57
62
81
88
55
123
37
56
40
30
80
29
99
32
55
39
108
66
60
36
60
36
276
43
65
56
92
56
14
56
123
27
24
144
43
44
106
31
51
25
16
77
43
77
59
99
111
79
21
52
72
28
39
47
70
60
121
20
61
36
127
33
31
58
93
175
50
89
41
95
85
100
39
99
80
47
199
51
57
61
104
75
39
81
79
51
78
58
15
39
84
28
108
54
95
56
85
191
77
35
117
50
51
24
26
24
67
170
117
27
92
103
125
67
73
149
96
51
42
101
26
113
200
81
92
125
193
91
59
9
89
49
93
169
73
17
23
115
68
62
88
67
118
70
124
32
35
75
16
84
59
21
33
36
17
20
24
40
164
65
224
197
29
76
50
148
35
99
50
13
19
55
126
22
28
233
87
154
104
77
83
91
30
12
114
61
35
35
111
49
47
134
59
71
60
23
14
52
26
116
37
64
99
62
40
77
22
139
145
26
134
94
52
160
72
95
28
195
183
62
58
99
130
16
81
125
149
41
81
77
75
92
69
56
116
81
95
103
53
14
61
21
141
116
165
128
25
94
233
91
122
20
69
162
101
215
173
58
81
57
82
98
62
145
277
72
133
92
145
38
124
127
308
60
88
153
439
234
58
37
81
67
114
92
88
43
61
42
83
205
28
107
293
251
176
114
206
9
71
73
72
46
43
54
61
141
174
61
126
124
132
185
57
43
177
10
104
30
57
24
81
153
37
68
17
76
104
137
235
132
173
46
308
51
107
111
157
72
146
21
92
63
63
61
259
32
91
55
65
47
127
75
91
35
257
55
98
188
106
232
57
18
57
83
87
32
84
106
182
100
187
334
79
113
106
84
57
159
123
149
23
49
66
59
250
34
69
164
163
20
95
67
161
75
37
175
87
68
103
222
74
160
119
18
474
78
66
64
72
28
66
148
87
133
52
159
32
166
86
187
120
184
57
80
84
202
139
143
61
81
373
301
223
33
122
127
83
169
22
126
209
306
127
65
73
63
24
236
96
206
133
166
165
74
88
88
88
140
39
164
169
147
72
152
111
277
107
44
134
272
434
137
123
137
38
73
98
413
49
114
120
50
90
54
95
179
81
230
199
64
34
402
183
99
137
45
112
95
36
86
74
145
283
65
64
137
48
58
27
161
120
137
95
78
69
66
45
46
52
128
26
158
87
111
46
77
30
141
321
350
124
54
61
33
59
61
102
190
377
402
93
328
268
42
254
60
173
124
97
175
38
395
286
359
44
257
140
201
121
162
273
196
330
606
48
195
122
173
40
68
97
201
58
55
222
197
76
73
147
73
79
255
231
134
8
149
244
78
109
56
37
185
38
160
170
74
331
121
434
128
525
39
357
62
233
345
368
490
165
159
172
77
169
272
36
112
120
523
93
134
148
203
109
84
22
339
69
156
72
95
274
92
195
56
115
193
50
49
385
179
132
66
624
61
335
23
89
186
288
214
505
159
398
124
223
319
166
28
504
300
195
480
258
165
453
374
510
370
535
138
170
84
204
124
280
123
91
209
61
149
234
381
175
123
231
110
187
127
278
226
82
59
171
132
275
37
77
32
493
209
25
334
110
139
136
773
1241
232
333
150
225
631
357
247
267
715
493
410
459
172
103
94
499
398
53
131
298
102
243
214
227
112
181
146
130
253
97
224
156
110
32
107
102
284
442
62
216
107
187
74
228
41
853
166
254
137
87
622
225
82
295
111
24
89
224
310
418
328
206
628
576
132
181
655
313
386
622
626
212
40
211
1015
98
193
270
189
680
166
487
1399
152
361
89
161
315
2001
346
89
208
135
96
101
194
38
19
812
59
294
145
86
24
50
42
212
358
31
192
144
162
167
43
187
697
117
136
86
372
186
461
125
2604
139
126
364
985
475
1183
258
1727
448
46
89
96
275
765
760
1108
399
282
250
1698
412
1020
190
93
939
1076
101
59
1307
105
262
42
714
564
229
1984
167
243
1616
234
247
129
91
1110
160
330
66
88
519
1396
207
662
1296
72
182
439
330
53
1487
448
1385
389
114
1934
729
2086
785
978
1158
619
27
769
265
4127
326
1149
1078
296
1021
639
2259
226
1353
235
844
1515
73
311
942
607
137
139
112
593
241
268
331
944
418
429
522
320
166
124
113
356
169
1092
108
478
569
615
481
2832
382
4142
5526
3329
1447
1908
3016
5315
3385
8078
2972
154
3153
471
381
1039
2108
1532
2758
1772
358
5862
2032
4484
2814
3192
956
1560
641
7272
1844
454
829
1305
160
145
191
493
327
806
194
107
484
234
186
152
992
250
983
907
2558
244
1724
1556
1214
266
593
211
774
461
241
11196
28001
27578
27934
33530
10863
29533
83749
16714
31127
37685
17177
37350
19291
758
5108
39526
2018
564
12496
11848
20815
6459
8067
18648
949
33730
69956
18837
44147
3264
33472
3788
15639
15703
38483
33465
3909
6574
708
82
28485
21666
16772
421
13108
3344
13554
16443
11236
5766
18436
36805
810
3260
8415
63055
4109
5853
19120
62011
2066352
661128
545335
1526506
6255592
427727
414959
2037825
765192
3098868
1488246
3234899
1633214
1283952
1527189
2046632
535664
1476424
2987635
3135419
280336
743577
5030561
2627498
3049959
1068619
546437
384439
2885931
2921759
297768
3877319
841495
938811
3218644
123275
1665910
3980387
57214
3374709
1658094
197912
1964925
677614
19026
882942
1274365
721877
815868
