Weight:
-0.09825616218305504
0.0069379461871389644
1.0360094289506507
0.04881587491895214
0.021077451729480345
-0.06686735044621177
-0.004620505162643842
0.017393719835519114
-0.01288075560571382
-0.008012316631085538
-0.2607905859799122
-0.011672516272538727
0.023525336471703413
0.007480768266071573
0.0025364579882608844
-0.34674417276775643
-0.04327654527891937
-0.28065905279475234
0.0548348890722597
0.0037124842738940015
0.034491294289060566
-0.02525795370159921
0.004221666669078309
-0.008352184554305794
-0.0011059152587692155
-0.005767976642621941
-0.007814467743136199
0.002173245247252139
-0.006809182115195904
-0.04422705002734484
-1.640546445357942

